{"target": 0.6599999999999999, "params": {"x": 0.5, "y": 0.7}, "datetime": {"datetime": "2024-11-06 23:48:42", "elapsed": 0.0, "delta": 0.0}}
{"target": -12.4780129010131, "params": {"x": -1.2662205459144347, "y": -2.445968431387213}, "datetime": {"datetime": "2024-11-06 23:48:42", "elapsed": 0.008977, "delta": 0.008977}}
{"target": -3.8540423116243687, "params": {"x": -1.0686989431116456, "y": -0.9266356377417138}, "datetime": {"datetime": "2024-11-06 23:48:42", "elapsed": 0.011465, "delta": 0.002488}}
{"target": -3.5849222647395624, "params": {"x": 0.7849743019157107, "y": 2.9921690716582026}, "datetime": {"datetime": "2024-11-06 23:48:42", "elapsed": 0.103071, "delta": 0.091606}}
{"target": 0.2597508952412011, "params": {"x": -0.333727716167042, "y": 0.2069836595499881}, "datetime": {"datetime": "2024-11-06 23:48:42", "elapsed": 0.167522, "delta": 0.064451}}
{"target": 0.8107234555955077, "params": {"x": 0.0061094703215172075, "y": 1.4350163431146958}, "datetime": {"datetime": "2024-11-06 23:48:42", "elapsed": 0.25156, "delta": 0.084038}}
